State 25 conflicts: 1 shift/reduce
State 36 conflicts: 5 shift/reduce
State 37 conflicts: 1 shift/reduce
State 38 conflicts: 1 shift/reduce
State 39 conflicts: 1 shift/reduce
State 40 conflicts: 1 shift/reduce


Grammar

    0 $accept: Start $end

    1 Start: StmtList

    2 StmtList: StmtList Stmt
    3         | Stmt

    4 Stmt: ID '=' Expr ';'
    5     | Decl_Stmt ';'
    6     | TK_OUTPUT Expr ';'

    7 Expr: Expr '+' Expr
    8     | Expr '*' Expr
    9     | Expr '/' Expr
   10     | Expr '-' Expr
   11     | Expr TK_MATMUL Expr
   12     | '-' Expr
   13     | NUM
   14     | ID
   15     | '(' Expr ')'

   16 Decl_Stmt: Scalar_Decl_Stmt
   17          | Tensor_Decl_Stmt

   18 Tensor_Decl_Stmt: ID '(' NUM ',' Base_Type ')' '[' NUM ']'
   19                 | ID '(' NUM ',' Base_Type ')' '[' NUM ']' '[' NUM ']'

   20 Scalar_Decl_Stmt: Base_Type ID

   21 Base_Type: TK_INT32
   22          | TK_INT8


Terminals, with rules where they appear

    $end (0) 0
    '(' (40) 15 18 19
    ')' (41) 15 18 19
    '*' (42) 8
    '+' (43) 7
    ',' (44) 18 19
    '-' (45) 10 12
    '/' (47) 9
    ';' (59) 4 5 6
    '=' (61) 4
    '[' (91) 18 19
    ']' (93) 18 19
    error (256)
    NUM <name> (258) 13 18 19
    ID <name> (259) 4 14 18 19 20
    TK_INT8 (260) 22
    TK_INT32 (261) 21
    TK_MATMUL (262) 11
    TK_OUTPUT (263) 6
    Uminus (264)


Nonterminals, with rules where they appear

    $accept (21)
        on left: 0
    Start (22)
        on left: 1
        on right: 0
    StmtList <ast_list> (23)
        on left: 2 3
        on right: 1 2
    Stmt <ast> (24)
        on left: 4 5 6
        on right: 2 3
    Expr <ast> (25)
        on left: 7 8 9 10 11 12 13 14 15
        on right: 4 6 7 8 9 10 11 12 15
    Decl_Stmt (26)
        on left: 16 17
        on right: 5
    Tensor_Decl_Stmt (27)
        on left: 18 19
        on right: 17
    Scalar_Decl_Stmt (28)
        on left: 20
        on right: 16
    Base_Type <base_type> (29)
        on left: 21 22
        on right: 18 19 20


State 0

    0 $accept: . Start $end

    ID         shift, and go to state 1
    TK_INT8    shift, and go to state 2
    TK_INT32   shift, and go to state 3
    TK_OUTPUT  shift, and go to state 4

    Start             go to state 5
    StmtList          go to state 6
    Stmt              go to state 7
    Decl_Stmt         go to state 8
    Tensor_Decl_Stmt  go to state 9
    Scalar_Decl_Stmt  go to state 10
    Base_Type         go to state 11


State 1

    4 Stmt: ID . '=' Expr ';'
   18 Tensor_Decl_Stmt: ID . '(' NUM ',' Base_Type ')' '[' NUM ']'
   19                 | ID . '(' NUM ',' Base_Type ')' '[' NUM ']' '[' NUM ']'

    '='  shift, and go to state 12
    '('  shift, and go to state 13


State 2

   22 Base_Type: TK_INT8 .

    $default  reduce using rule 22 (Base_Type)


State 3

   21 Base_Type: TK_INT32 .

    $default  reduce using rule 21 (Base_Type)


State 4

    6 Stmt: TK_OUTPUT . Expr ';'

    NUM  shift, and go to state 14
    ID   shift, and go to state 15
    '-'  shift, and go to state 16
    '('  shift, and go to state 17

    Expr  go to state 18


State 5

    0 $accept: Start . $end

    $end  shift, and go to state 19


State 6

    1 Start: StmtList .
    2 StmtList: StmtList . Stmt

    ID         shift, and go to state 1
    TK_INT8    shift, and go to state 2
    TK_INT32   shift, and go to state 3
    TK_OUTPUT  shift, and go to state 4

    $default  reduce using rule 1 (Start)

    Stmt              go to state 20
    Decl_Stmt         go to state 8
    Tensor_Decl_Stmt  go to state 9
    Scalar_Decl_Stmt  go to state 10
    Base_Type         go to state 11


State 7

    3 StmtList: Stmt .

    $default  reduce using rule 3 (StmtList)


State 8

    5 Stmt: Decl_Stmt . ';'

    ';'  shift, and go to state 21


State 9

   17 Decl_Stmt: Tensor_Decl_Stmt .

    $default  reduce using rule 17 (Decl_Stmt)


State 10

   16 Decl_Stmt: Scalar_Decl_Stmt .

    $default  reduce using rule 16 (Decl_Stmt)


State 11

   20 Scalar_Decl_Stmt: Base_Type . ID

    ID  shift, and go to state 22


State 12

    4 Stmt: ID '=' . Expr ';'

    NUM  shift, and go to state 14
    ID   shift, and go to state 15
    '-'  shift, and go to state 16
    '('  shift, and go to state 17

    Expr  go to state 23


State 13

   18 Tensor_Decl_Stmt: ID '(' . NUM ',' Base_Type ')' '[' NUM ']'
   19                 | ID '(' . NUM ',' Base_Type ')' '[' NUM ']' '[' NUM ']'

    NUM  shift, and go to state 24


State 14

   13 Expr: NUM .

    $default  reduce using rule 13 (Expr)


State 15

   14 Expr: ID .

    $default  reduce using rule 14 (Expr)


State 16

   12 Expr: '-' . Expr

    NUM  shift, and go to state 14
    ID   shift, and go to state 15
    '-'  shift, and go to state 16
    '('  shift, and go to state 17

    Expr  go to state 25


State 17

   15 Expr: '(' . Expr ')'

    NUM  shift, and go to state 14
    ID   shift, and go to state 15
    '-'  shift, and go to state 16
    '('  shift, and go to state 17

    Expr  go to state 26


State 18

    6 Stmt: TK_OUTPUT Expr . ';'
    7 Expr: Expr . '+' Expr
    8     | Expr . '*' Expr
    9     | Expr . '/' Expr
   10     | Expr . '-' Expr
   11     | Expr . TK_MATMUL Expr

    TK_MATMUL  shift, and go to state 27
    '+'        shift, and go to state 28
    '-'        shift, and go to state 29
    '*'        shift, and go to state 30
    '/'        shift, and go to state 31
    ';'        shift, and go to state 32


State 19

    0 $accept: Start $end .

    $default  accept


State 20

    2 StmtList: StmtList Stmt .

    $default  reduce using rule 2 (StmtList)


State 21

    5 Stmt: Decl_Stmt ';' .

    $default  reduce using rule 5 (Stmt)


State 22

   20 Scalar_Decl_Stmt: Base_Type ID .

    $default  reduce using rule 20 (Scalar_Decl_Stmt)


State 23

    4 Stmt: ID '=' Expr . ';'
    7 Expr: Expr . '+' Expr
    8     | Expr . '*' Expr
    9     | Expr . '/' Expr
   10     | Expr . '-' Expr
   11     | Expr . TK_MATMUL Expr

    TK_MATMUL  shift, and go to state 27
    '+'        shift, and go to state 28
    '-'        shift, and go to state 29
    '*'        shift, and go to state 30
    '/'        shift, and go to state 31
    ';'        shift, and go to state 33


State 24

   18 Tensor_Decl_Stmt: ID '(' NUM . ',' Base_Type ')' '[' NUM ']'
   19                 | ID '(' NUM . ',' Base_Type ')' '[' NUM ']' '[' NUM ']'

    ','  shift, and go to state 34


State 25

    7 Expr: Expr . '+' Expr
    8     | Expr . '*' Expr
    9     | Expr . '/' Expr
   10     | Expr . '-' Expr
   11     | Expr . TK_MATMUL Expr
   12     | '-' Expr .

    TK_MATMUL  shift, and go to state 27

    TK_MATMUL  [reduce using rule 12 (Expr)]
    $default   reduce using rule 12 (Expr)


State 26

    7 Expr: Expr . '+' Expr
    8     | Expr . '*' Expr
    9     | Expr . '/' Expr
   10     | Expr . '-' Expr
   11     | Expr . TK_MATMUL Expr
   15     | '(' Expr . ')'

    TK_MATMUL  shift, and go to state 27
    '+'        shift, and go to state 28
    '-'        shift, and go to state 29
    '*'        shift, and go to state 30
    '/'        shift, and go to state 31
    ')'        shift, and go to state 35


State 27

   11 Expr: Expr TK_MATMUL . Expr

    NUM  shift, and go to state 14
    ID   shift, and go to state 15
    '-'  shift, and go to state 16
    '('  shift, and go to state 17

    Expr  go to state 36


State 28

    7 Expr: Expr '+' . Expr

    NUM  shift, and go to state 14
    ID   shift, and go to state 15
    '-'  shift, and go to state 16
    '('  shift, and go to state 17

    Expr  go to state 37


State 29

   10 Expr: Expr '-' . Expr

    NUM  shift, and go to state 14
    ID   shift, and go to state 15
    '-'  shift, and go to state 16
    '('  shift, and go to state 17

    Expr  go to state 38


State 30

    8 Expr: Expr '*' . Expr

    NUM  shift, and go to state 14
    ID   shift, and go to state 15
    '-'  shift, and go to state 16
    '('  shift, and go to state 17

    Expr  go to state 39


State 31

    9 Expr: Expr '/' . Expr

    NUM  shift, and go to state 14
    ID   shift, and go to state 15
    '-'  shift, and go to state 16
    '('  shift, and go to state 17

    Expr  go to state 40


State 32

    6 Stmt: TK_OUTPUT Expr ';' .

    $default  reduce using rule 6 (Stmt)


State 33

    4 Stmt: ID '=' Expr ';' .

    $default  reduce using rule 4 (Stmt)


State 34

   18 Tensor_Decl_Stmt: ID '(' NUM ',' . Base_Type ')' '[' NUM ']'
   19                 | ID '(' NUM ',' . Base_Type ')' '[' NUM ']' '[' NUM ']'

    TK_INT8   shift, and go to state 2
    TK_INT32  shift, and go to state 3

    Base_Type  go to state 41


State 35

   15 Expr: '(' Expr ')' .

    $default  reduce using rule 15 (Expr)


State 36

    7 Expr: Expr . '+' Expr
    8     | Expr . '*' Expr
    9     | Expr . '/' Expr
   10     | Expr . '-' Expr
   11     | Expr . TK_MATMUL Expr
   11     | Expr TK_MATMUL Expr .

    TK_MATMUL  shift, and go to state 27
    '+'        shift, and go to state 28
    '-'        shift, and go to state 29
    '*'        shift, and go to state 30
    '/'        shift, and go to state 31

    TK_MATMUL  [reduce using rule 11 (Expr)]
    '+'        [reduce using rule 11 (Expr)]
    '-'        [reduce using rule 11 (Expr)]
    '*'        [reduce using rule 11 (Expr)]
    '/'        [reduce using rule 11 (Expr)]
    $default   reduce using rule 11 (Expr)


State 37

    7 Expr: Expr . '+' Expr
    7     | Expr '+' Expr .
    8     | Expr . '*' Expr
    9     | Expr . '/' Expr
   10     | Expr . '-' Expr
   11     | Expr . TK_MATMUL Expr

    TK_MATMUL  shift, and go to state 27
    '*'        shift, and go to state 30
    '/'        shift, and go to state 31

    TK_MATMUL  [reduce using rule 7 (Expr)]
    $default   reduce using rule 7 (Expr)


State 38

    7 Expr: Expr . '+' Expr
    8     | Expr . '*' Expr
    9     | Expr . '/' Expr
   10     | Expr . '-' Expr
   10     | Expr '-' Expr .
   11     | Expr . TK_MATMUL Expr

    TK_MATMUL  shift, and go to state 27
    '*'        shift, and go to state 30
    '/'        shift, and go to state 31

    TK_MATMUL  [reduce using rule 10 (Expr)]
    $default   reduce using rule 10 (Expr)


State 39

    7 Expr: Expr . '+' Expr
    8     | Expr . '*' Expr
    8     | Expr '*' Expr .
    9     | Expr . '/' Expr
   10     | Expr . '-' Expr
   11     | Expr . TK_MATMUL Expr

    TK_MATMUL  shift, and go to state 27

    TK_MATMUL  [reduce using rule 8 (Expr)]
    $default   reduce using rule 8 (Expr)


State 40

    7 Expr: Expr . '+' Expr
    8     | Expr . '*' Expr
    9     | Expr . '/' Expr
    9     | Expr '/' Expr .
   10     | Expr . '-' Expr
   11     | Expr . TK_MATMUL Expr

    TK_MATMUL  shift, and go to state 27

    TK_MATMUL  [reduce using rule 9 (Expr)]
    $default   reduce using rule 9 (Expr)


State 41

   18 Tensor_Decl_Stmt: ID '(' NUM ',' Base_Type . ')' '[' NUM ']'
   19                 | ID '(' NUM ',' Base_Type . ')' '[' NUM ']' '[' NUM ']'

    ')'  shift, and go to state 42


State 42

   18 Tensor_Decl_Stmt: ID '(' NUM ',' Base_Type ')' . '[' NUM ']'
   19                 | ID '(' NUM ',' Base_Type ')' . '[' NUM ']' '[' NUM ']'

    '['  shift, and go to state 43


State 43

   18 Tensor_Decl_Stmt: ID '(' NUM ',' Base_Type ')' '[' . NUM ']'
   19                 | ID '(' NUM ',' Base_Type ')' '[' . NUM ']' '[' NUM ']'

    NUM  shift, and go to state 44


State 44

   18 Tensor_Decl_Stmt: ID '(' NUM ',' Base_Type ')' '[' NUM . ']'
   19                 | ID '(' NUM ',' Base_Type ')' '[' NUM . ']' '[' NUM ']'

    ']'  shift, and go to state 45


State 45

   18 Tensor_Decl_Stmt: ID '(' NUM ',' Base_Type ')' '[' NUM ']' .
   19                 | ID '(' NUM ',' Base_Type ')' '[' NUM ']' . '[' NUM ']'

    '['  shift, and go to state 46

    $default  reduce using rule 18 (Tensor_Decl_Stmt)


State 46

   19 Tensor_Decl_Stmt: ID '(' NUM ',' Base_Type ')' '[' NUM ']' '[' . NUM ']'

    NUM  shift, and go to state 47


State 47

   19 Tensor_Decl_Stmt: ID '(' NUM ',' Base_Type ')' '[' NUM ']' '[' NUM . ']'

    ']'  shift, and go to state 48


State 48

   19 Tensor_Decl_Stmt: ID '(' NUM ',' Base_Type ')' '[' NUM ']' '[' NUM ']' .

    $default  reduce using rule 19 (Tensor_Decl_Stmt)
